Arguments: 
  /Users/devin.beeuwkes/.nvm/versions/node/v10.15.3/bin/node /usr/local/Cellar/yarn/1.19.2/libexec/bin/yarn.js run build

PATH: 
  /Users/devin.beeuwkes/.rvm/gems/ruby-2.6.3/bin:/Users/devin.beeuwkes/.rvm/gems/ruby-2.6.3@global/bin:/Users/devin.beeuwkes/.rvm/rubies/ruby-2.6.3/bin:/usr/local/opt/openssl@1.1/bin:/usr/local/opt/bzip2/bin:/Users/devin.beeuwkes/.nvm/versions/node/v10.15.3/bin:/usr/local/bin:/usr/bin:/bin:/usr/sbin:/sbin:/usr/local/munki:/Library/Apple/usr/bin:/Library/Apple/bin:/Users/devin.beeuwkes/.rvm/bin://Users/devin.beeuwkes/.composer/vendor/bin

Yarn version: 
  1.19.2

Node version: 
  10.15.3

Platform: 
  darwin x64

Trace: 
  SyntaxError: /Users/devin.beeuwkes/Development/bot-bouncer/package.json: Unexpected token } in JSON at position 307
      at JSON.parse (<anonymous>)
      at /usr/local/Cellar/yarn/1.19.2/libexec/lib/cli.js:1625:59
      at Generator.next (<anonymous>)
      at step (/usr/local/Cellar/yarn/1.19.2/libexec/lib/cli.js:304:30)
      at /usr/local/Cellar/yarn/1.19.2/libexec/lib/cli.js:315:13

npm manifest: 
  {
    "name": "bot-bouncer",
    "version": "1.0.0",
    "main": "index.js",
    "repository": "git@github.com:DevinAlgolia/bot-bouncer.git",
    "author": "Devin Beeuwkes <devin.beeuwkes@algolia.com>",
    "license": "MIT",
    "devDependencies": {
      "typescript": "^3.7.5"
    },
    "scripts": {
      "build": "tsc"
    },
  }

yarn manifest: 
  No manifest

Lockfile: 
  # THIS IS AN AUTOGENERATED FILE. DO NOT EDIT THIS FILE DIRECTLY.
  # yarn lockfile v1
  
  
  typescript@^3.7.5:
    version "3.7.5"
    resolved "https://registry.yarnpkg.com/typescript/-/typescript-3.7.5.tgz#0692e21f65fd4108b9330238aac11dd2e177a1ae"
    integrity sha512-/P5lkRXkWHNAbcJIiHPfRoKqyd7bsyCma1hZNUGfn20qm64T6ZBlrzprymeu918H+mB/0rIg2gGK/BXkhhYgBw==
